<?xml version="1.0" encoding="UTF-8"?>
<!-- Generated by org.testng.reporters.JUnitReportReporter -->
<testsuite hostname="LAPTOP-H4GK0DER" failures="0" tests="1" name="test.TestMethods" time="0.322" errors="0" timestamp="7 Oct 2021 10:29:33 GMT">
  <testcase classname="test.TestMethods" name="readdatafromPDF" time="0.322"/>
</testsuite> <!-- test.TestMethods -->
