<?xml version="1.0" encoding="UTF-8"?>
<!-- Generated by org.testng.reporters.JUnitReportReporter -->
<testsuite hostname="LAPTOP-H4GK0DER" failures="0" tests="1" name="TestMethods" time="0.410" errors="0" timestamp="7 Oct 2021 10:23:22 GMT">
  <testcase classname="TestMethods" name="readdatafromPDF" time="0.410"/>
</testsuite> <!-- TestMethods -->
