<?xml version="1.0" encoding="UTF-8"?>
<!-- Generated by org.testng.reporters.JUnitReportReporter -->
<testsuite hostname="LAPTOP-H4GK0DER" failures="0" tests="1" name="test.NewTest" time="0.567" errors="0" timestamp="7 Oct 2021 10:29:33 GMT">
  <testcase classname="test.NewTest" name="f" time="0.567"/>
</testsuite> <!-- test.NewTest -->
